<?xml version="1.0" encoding="UTF-8"?>
<testng-results ignored="0" total="1" passed="1" failed="0" skipped="0">
  <reporter-output>
  </reporter-output>
  <suite started-at="2020-01-11T22:21:05 CET" name="Default suite" finished-at="2020-01-11T22:21:06 CET" duration-ms="36">
    <groups>
    </groups>
    <test started-at="2020-01-11T22:21:05 CET" name="Default test" finished-at="2020-01-11T22:21:06 CET" duration-ms="36">
      <class name="com.opentuto.test.TestNGSimpleTest">
        <test-method signature="testAdd()[pri:0, instance:com.opentuto.test.TestNGSimpleTest@4de5031f]" started-at="2020-01-11T22:21:05 CET" name="testAdd" finished-at="2020-01-11T22:21:05 CET" duration-ms="9" status="PASS">
          <reporter-output>
          </reporter-output>
        </test-method> <!-- testAdd -->
      </class> <!-- com.opentuto.test.TestNGSimpleTest -->
    </test> <!-- Default test -->
  </suite> <!-- Default suite -->
</testng-results>
